# Nmap 7.92 scan initiated Thu Jan 27 03:29:44 2022 as: nmap -T5 -sC -sV -p- -oN nmap.out 10.10.180.195
Warning: 10.10.180.195 giving up on port because retransmission cap hit (2).
Nmap scan report for 10.10.180.195
Host is up (0.061s latency).
Not shown: 65049 closed tcp ports (conn-refused), 471 filtered tcp ports (no-response)
PORT      STATE SERVICE            VERSION
80/tcp    open  http               Microsoft IIS httpd 8.5
|_http-server-header: Microsoft-IIS/8.5
| http-methods: 
|_  Potentially risky methods: TRACE
|_http-title: Site doesn't have a title (text/html).
135/tcp   open  msrpc              Microsoft Windows RPC
139/tcp   open  netbios-ssn        Microsoft Windows netbios-ssn
445/tcp   open  microsoft-ds       Microsoft Windows Server 2008 R2 - 2012 microsoft-ds
3389/tcp  open  ssl/ms-wbt-server?
| rdp-ntlm-info: 
|   Target_Name: STEELMOUNTAIN
|   NetBIOS_Domain_Name: STEELMOUNTAIN
|   NetBIOS_Computer_Name: STEELMOUNTAIN
|   DNS_Domain_Name: steelmountain
|   DNS_Computer_Name: steelmountain
|   Product_Version: 6.3.9600
|_  System_Time: 2022-01-27T08:40:16+00:00
|_ssl-date: 2022-01-27T08:40:20+00:00; +2s from scanner time.
| ssl-cert: Subject: commonName=steelmountain
| Not valid before: 2022-01-26T08:28:42
|_Not valid after:  2022-07-28T08:28:42
5985/tcp  open  http               Microsoft HTTPAPI httpd 2.0 (SSDP/UPnP)
|_http-server-header: Microsoft-HTTPAPI/2.0
|_http-title: Not Found
8080/tcp  open  http               HttpFileServer httpd 2.3
|_http-server-header: HFS 2.3
|_http-title: HFS /
47001/tcp open  http               Microsoft HTTPAPI httpd 2.0 (SSDP/UPnP)
|_http-title: Not Found
|_http-server-header: Microsoft-HTTPAPI/2.0
49152/tcp open  msrpc              Microsoft Windows RPC
49153/tcp open  msrpc              Microsoft Windows RPC
49154/tcp open  msrpc              Microsoft Windows RPC
49155/tcp open  msrpc              Microsoft Windows RPC
49156/tcp open  msrpc              Microsoft Windows RPC
49169/tcp open  msrpc              Microsoft Windows RPC
49170/tcp open  msrpc              Microsoft Windows RPC
Service Info: OSs: Windows, Windows Server 2008 R2 - 2012; CPE: cpe:/o:microsoft:windows

Host script results:
| smb2-time: 
|   date: 2022-01-27T08:40:16
|_  start_date: 2022-01-27T08:28:32
|_clock-skew: mean: 2s, deviation: 0s, median: 1s
| smb2-security-mode: 
|   3.0.2: 
|_    Message signing enabled but not required
|_nbstat: NetBIOS name: STEELMOUNTAIN, NetBIOS user: <unknown>, NetBIOS MAC: 02:87:1f:5c:2e:71 (unknown)
| smb-security-mode: 
|   authentication_level: user
|   challenge_response: supported
|_  message_signing: disabled (dangerous, but default)

Service detection performed. Please report any incorrect results at https://nmap.org/submit/ .
# Nmap done at Thu Jan 27 03:40:18 2022 -- 1 IP address (1 host up) scanned in 633.76 seconds
