# Nmap 7.92 scan initiated Wed Jan 19 09:19:34 2022 as: nmap -T5 --script vuln -p 135,139,445 -oN nmap_vuln.out 10.10.6.32
Nmap scan report for 10.10.6.32
Host is up (0.067s latency).

PORT    STATE SERVICE
135/tcp open  msrpc
139/tcp open  netbios-ssn
445/tcp open  microsoft-ds

Host script results:
|_smb-vuln-ms10-061: NT_STATUS_ACCESS_DENIED
|_smb-vuln-ms10-054: false
|_samba-vuln-cve-2012-1182: NT_STATUS_ACCESS_DENIED
| smb-vuln-ms17-010: 
|   VULNERABLE:
|   Remote Code Execution vulnerability in Microsoft SMBv1 servers (ms17-010)
|     State: VULNERABLE
|     IDs:  CVE:CVE-2017-0143
|     Risk factor: HIGH
|       A critical remote code execution vulnerability exists in Microsoft SMBv1
|        servers (ms17-010).
|           
|     Disclosure date: 2017-03-14
|     References:
|       https://cve.mitre.org/cgi-bin/cvename.cgi?name=CVE-2017-0143
|       https://technet.microsoft.com/en-us/library/security/ms17-010.aspx
|_      https://blogs.technet.microsoft.com/msrc/2017/05/12/customer-guidance-for-wannacrypt-attacks/

# Nmap done at Wed Jan 19 09:19:59 2022 -- 1 IP address (1 host up) scanned in 25.12 seconds
